
------------------------------------------------------------
Sender: LSF System <lsfadmin@hpc.dtu.dk>
Subject: Job 11224683: <SageMath> in cluster <dcc> Done

Job <SageMath> was submitted from host <n-62-30-2> by user <s160503> in cluster <dcc> at Thu Dec  2 12:21:14 2021
Job was executed on host(s) <4*n-62-31-13>, in queue <hpc>, as user <s160503> in cluster <dcc> at Thu Dec  2 12:21:17 2021
</zhome/34/7/112702> was used as the home directory.
</zhome/34/7/112702/Desktop/HQC/py files> was used as the working directory.
Started at Thu Dec  2 12:21:17 2021
Terminated at Thu Dec  2 13:16:55 2021
Results reported at Thu Dec  2 13:16:55 2021

Your job looked like:

------------------------------------------------------------
# LSBATCH: User input
#BSUB -J SageMath
#BSUB -q hpc
#BSUB -n 4
#BSUB -R "rusage[mem=2GB]"
#BSUB -R "span[hosts=1]"
#BSUB -R "select[avx2]"
#BSUB -W 2:00

/appl/SageMath/9.4/sage simulation.py

------------------------------------------------------------

Successfully completed.

Resource usage summary:

    CPU time :                                   3323.33 sec.
    Max Memory :                                 143 MB
    Average Memory :                             133.41 MB
    Total Requested Memory :                     8192.00 MB
    Delta Memory :                               8049.00 MB
    Max Swap :                                   -
    Max Processes :                              8
    Max Threads :                                9
    Run time :                                   3418 sec.
    Turnaround time :                            3341 sec.

The output (if any) is above this job summary.

